TN:
SF:src/utils/cli-handler.ts
FN:16,listTasks
FN:29,handleTaskCommand
FN:79,isValidTaskId
FN:84,executeTask
FN:105,runExampleTask
FN:114,runInitDB
FN:124,runSeedData
FN:135,runTestTask
FNF:8
FNH:8
FNDA:4,listTasks
FNDA:11,handleTaskCommand
FNDA:8,isValidTaskId
FNDA:7,executeTask
FNDA:3,runExampleTask
FNDA:1,runInitDB
FNDA:1,runSeedData
FNDA:2,runTestTask
DA:1,1
DA:2,1
DA:3,1
DA:4,1
DA:5,1
DA:6,1
DA:7,1
DA:8,1
DA:9,1
DA:10,1
DA:11,1
DA:12,1
DA:13,1
DA:14,1
DA:15,1
DA:16,4
DA:17,4
DA:18,4
DA:19,16
DA:20,4
DA:21,4
DA:22,4
DA:23,4
DA:24,4
DA:25,4
DA:26,4
DA:27,1
DA:28,1
DA:29,11
DA:30,11
DA:31,3
DA:32,3
DA:33,3
DA:34,8
DA:35,11
DA:36,1
DA:37,1
DA:38,1
DA:39,1
DA:40,1
DA:41,1
DA:42,1
DA:43,0
DA:44,0
DA:45,0
DA:46,7
DA:47,7
DA:48,7
DA:49,11
DA:50,1
DA:51,1
DA:52,7
DA:53,11
DA:54,1
DA:55,1
DA:56,1
DA:57,7
DA:58,7
DA:59,7
DA:60,11
DA:61,1
DA:62,1
DA:63,11
DA:64,0
DA:65,0
DA:66,0
DA:67,0
DA:68,0
DA:69,0
DA:70,0
DA:71,0
DA:72,0
DA:73,0
DA:74,0
DA:75,0
DA:76,11
DA:77,1
DA:78,1
DA:79,8
DA:80,8
DA:81,8
DA:82,1
DA:83,1
DA:84,7
DA:85,7
DA:86,7
DA:87,3
DA:88,3
DA:89,7
DA:90,1
DA:91,1
DA:92,7
DA:93,1
DA:94,1
DA:95,7
DA:96,2
DA:97,2
DA:98,7
DA:99,7
DA:100,1
DA:101,1
DA:102,1
DA:103,1
DA:104,1
DA:105,3
DA:106,3
DA:107,3
DA:108,0
DA:109,3
DA:110,3
DA:111,3
DA:112,3
DA:113,1
DA:114,1
DA:115,1
DA:116,1
DA:117,0
DA:118,1
DA:119,1
DA:120,1
DA:121,1
DA:122,1
DA:123,1
DA:124,1
DA:125,1
DA:126,1
DA:127,0
DA:128,1
DA:129,1
DA:130,1
DA:131,1
DA:132,1
DA:133,1
DA:134,1
DA:135,2
DA:136,2
DA:137,2
DA:138,1
DA:139,1
DA:140,1
DA:141,1
DA:142,2
LF:142
LH:124
BRDA:16,0,0,4
BRDA:18,1,0,16
BRDA:29,2,0,11
BRDA:30,3,0,10
BRDA:30,4,0,9
BRDA:30,5,0,3
BRDA:34,6,0,8
BRDA:35,7,0,1
BRDA:43,8,0,0
BRDA:46,9,0,7
BRDA:49,10,0,1
BRDA:52,11,0,7
BRDA:53,12,0,1
BRDA:57,13,0,7
BRDA:60,14,0,1
BRDA:63,15,0,0
BRDA:79,16,0,8
BRDA:84,17,0,7
BRDA:86,18,0,3
BRDA:89,19,0,1
BRDA:92,20,0,1
BRDA:95,21,0,2
BRDA:105,22,0,3
BRDA:107,23,0,0
BRDA:114,24,0,1
BRDA:116,25,0,0
BRDA:124,26,0,1
BRDA:126,27,0,0
BRDA:135,28,0,2
BRDA:137,29,0,1
BRF:30
BRH:25
end_of_record
